This file contains any messages produced by compilers while
running configure, to aid debugging if configure makes a mistake.

It was created by sqlite configure 3.35.0, which was
generated by GNU Autoconf 2.69.  Invocation command line was

  $ ./configure --prefix=/usr/local

## --------- ##
## Platform. ##
## --------- ##

hostname = ip-10-0-1-6.ap-northeast-1.compute.internal
uname -m = x86_64
uname -r = 5.10.75-79.358.amzn2.x86_64
uname -s = Linux
uname -v = #1 SMP Thu Nov 4 21:08:30 UTC 2021

/usr/bin/uname -p = x86_64
/bin/uname -X     = unknown

/bin/arch              = x86_64
/usr/bin/arch -k       = unknown
/usr/convex/getsysinfo = unknown
/usr/bin/hostinfo      = unknown
/bin/machine           = unknown
/usr/bin/oslevel       = unknown
/bin/universe          = unknown

PATH: /home/ec2-user/djangotest/bin
PATH: /usr/local/bin
PATH: /usr/bin
PATH: /usr/local/sbin
PATH: /usr/sbin
PATH: /home/ec2-user/.local/bin
PATH: /home/ec2-user/bin


## ----------- ##
## Core tests. ##
## ----------- ##

configure:2353: checking for a BSD-compatible install
configure:2421: result: /usr/bin/install -c
configure:2432: checking whether build environment is sane
configure:2487: result: yes
configure:2638: checking for a thread-safe mkdir -p
configure:2677: result: /usr/bin/mkdir -p
configure:2684: checking for gawk
configure:2700: found /usr/bin/gawk
configure:2711: result: gawk
configure:2722: checking whether make sets $(MAKE)
configure:2744: result: yes
configure:2773: checking whether make supports nested variables
configure:2790: result: yes
configure:2929: checking for style of include used by make
configure:2957: result: GNU
configure:3028: checking for gcc
configure:3058: result: no
configure:3121: checking for cc
configure:3168: result: no
configure:3224: checking for cl.exe
configure:3254: result: no
configure:3278: error: in `/home/ec2-user/YoutubeApp/PythonConnect/sqlite-autoconf-3350000':
configure:3280: error: no acceptable C compiler found in $PATH
See `config.log' for more details

## ---------------- ##
## Cache variables. ##
## ---------------- ##

ac_cv_env_CC_set=
ac_cv_env_CC_value=
ac_cv_env_CFLAGS_set=
ac_cv_env_CFLAGS_value=
ac_cv_env_CPPFLAGS_set=
ac_cv_env_CPPFLAGS_value=
ac_cv_env_CPP_set=
ac_cv_env_CPP_value=
ac_cv_env_LDFLAGS_set=
ac_cv_env_LDFLAGS_value=
ac_cv_env_LIBS_set=
ac_cv_env_LIBS_value=
ac_cv_env_LT_SYS_LIBRARY_PATH_set=
ac_cv_env_LT_SYS_LIBRARY_PATH_value=
ac_cv_env_build_alias_set=
ac_cv_env_build_alias_value=
ac_cv_env_host_alias_set=
ac_cv_env_host_alias_value=
ac_cv_env_target_alias_set=
ac_cv_env_target_alias_value=
ac_cv_path_install='/usr/bin/install -c'
ac_cv_path_mkdir=/usr/bin/mkdir
ac_cv_prog_AWK=gawk
ac_cv_prog_make_make_set=yes
am_cv_make_support_nested_variables=yes

## ----------------- ##
## Output variables. ##
## ----------------- ##

ACLOCAL='${SHELL} /home/ec2-user/YoutubeApp/PythonConnect/sqlite-autoconf-3350000/missing aclocal-1.15'
AMDEPBACKSLASH='\'
AMDEP_FALSE='#'
AMDEP_TRUE=''
AMTAR='$${TAR-tar}'
AM_BACKSLASH='\'
AM_DEFAULT_V='$(AM_DEFAULT_VERBOSITY)'
AM_DEFAULT_VERBOSITY='1'
AM_V='$(V)'
AR=''
AUTOCONF='${SHELL} /home/ec2-user/YoutubeApp/PythonConnect/sqlite-autoconf-3350000/missing autoconf'
AUTOHEADER='${SHELL} /home/ec2-user/YoutubeApp/PythonConnect/sqlite-autoconf-3350000/missing autoheader'
AUTOMAKE='${SHELL} /home/ec2-user/YoutubeApp/PythonConnect/sqlite-autoconf-3350000/missing automake-1.15'
AWK='gawk'
BUILD_CFLAGS=''
CC=''
CCDEPMODE=''
CFLAGS=''
CPP=''
CPPFLAGS=''
CYGPATH_W='echo'
DEFS=''
DEPDIR='.deps'
DLLTOOL=''
DSYMUTIL=''
DUMPBIN=''
ECHO_C=''
ECHO_N='-n'
ECHO_T=''
EGREP=''
EXEEXT=''
EXTRA_SHELL_OBJ=''
FGREP=''
GREP=''
INSTALL_DATA='${INSTALL} -m 644'
INSTALL_PROGRAM='${INSTALL}'
INSTALL_SCRIPT='${INSTALL}'
INSTALL_STRIP_PROGRAM='$(install_sh) -c -s'
LD=''
LDFLAGS=''
LIBOBJS=''
LIBS=''
LIBTOOL=''
LIPO=''
LN_S=''
LTLIBOBJS=''
LT_SYS_LIBRARY_PATH=''
MAKEINFO='${SHELL} /home/ec2-user/YoutubeApp/PythonConnect/sqlite-autoconf-3350000/missing makeinfo'
MANIFEST_TOOL=''
MKDIR_P='/usr/bin/mkdir -p'
NM=''
NMEDIT=''
OBJDUMP=''
OBJEXT=''
OTOOL64=''
OTOOL=''
PACKAGE='sqlite'
PACKAGE_BUGREPORT='http://www.sqlite.org'
PACKAGE_NAME='sqlite'
PACKAGE_STRING='sqlite 3.35.0'
PACKAGE_TARNAME='sqlite'
PACKAGE_URL=''
PACKAGE_VERSION='3.35.0'
PATH_SEPARATOR=':'
RANLIB=''
READLINE_LIBS=''
SED=''
SET_MAKE=''
SHELL='/bin/sh'
SHELL_CFLAGS=''
STRIP=''
VERSION='3.35.0'
ac_ct_AR=''
ac_ct_CC=''
ac_ct_DUMPBIN=''
am__EXEEXT_FALSE=''
am__EXEEXT_TRUE=''
am__fastdepCC_FALSE=''
am__fastdepCC_TRUE=''
am__include='include'
am__isrc=''
am__leading_dot='.'
am__nodep='_no'
am__quote=''
am__tar='$${TAR-tar} chof - "$$tardir"'
am__untar='$${TAR-tar} xf -'
bindir='${exec_prefix}/bin'
build=''
build_alias=''
build_cpu=''
build_os=''
build_vendor=''
datadir='${datarootdir}'
datarootdir='${prefix}/share'
docdir='${datarootdir}/doc/${PACKAGE_TARNAME}'
dvidir='${docdir}'
exec_prefix='NONE'
host=''
host_alias=''
host_cpu=''
host_os=''
host_vendor=''
htmldir='${docdir}'
includedir='${prefix}/include'
infodir='${datarootdir}/info'
install_sh='${SHELL} /home/ec2-user/YoutubeApp/PythonConnect/sqlite-autoconf-3350000/install-sh'
libdir='${exec_prefix}/lib'
libexecdir='${exec_prefix}/libexec'
localedir='${datarootdir}/locale'
localstatedir='${prefix}/var'
mandir='${datarootdir}/man'
mkdir_p='$(MKDIR_P)'
oldincludedir='/usr/include'
pdfdir='${docdir}'
prefix='/usr/local'
program_transform_name='s,x,x,'
psdir='${docdir}'
runstatedir='${localstatedir}/run'
sbindir='${exec_prefix}/sbin'
sharedstatedir='${prefix}/com'
sysconfdir='${prefix}/etc'
target_alias=''

## ----------- ##
## confdefs.h. ##
## ----------- ##

/* confdefs.h */
#define PACKAGE_NAME "sqlite"
#define PACKAGE_TARNAME "sqlite"
#define PACKAGE_VERSION "3.35.0"
#define PACKAGE_STRING "sqlite 3.35.0"
#define PACKAGE_BUGREPORT "http://www.sqlite.org"
#define PACKAGE_URL ""
#define PACKAGE "sqlite"
#define VERSION "3.35.0"

configure: exit 1
